E:\C++编程\老光棍打强盗\DEBUG\老光棍打强盗.EXE
E:\C++编程\老光棍打强盗\DEBUG\老光棍打强盗.ILK
E:\C++编程\老光棍打强盗\DEBUG\老光棍打强盗.PDB
E:\C++编程\老光棍打强盗\老光棍打强盗\Debug\cl.command.1.tlog
E:\C++编程\老光棍打强盗\老光棍打强盗\Debug\CL.read.1.tlog
E:\C++编程\老光棍打强盗\老光棍打强盗\Debug\CL.write.1.tlog
E:\C++编程\老光棍打强盗\老光棍打强盗\Debug\link.13492.read.1.tlog
E:\C++编程\老光棍打强盗\老光棍打强盗\Debug\link.13492.write.1.tlog
E:\C++编程\老光棍打强盗\老光棍打强盗\Debug\link.13492-cvtres.read.1.tlog
E:\C++编程\老光棍打强盗\老光棍打强盗\Debug\link.13492-cvtres.write.1.tlog
E:\C++编程\老光棍打强盗\老光棍打强盗\Debug\link.9248.read.1.tlog
E:\C++编程\老光棍打强盗\老光棍打强盗\Debug\link.9248.write.1.tlog
E:\C++编程\老光棍打强盗\老光棍打强盗\Debug\link.9248-cvtres.read.1.tlog
E:\C++编程\老光棍打强盗\老光棍打强盗\Debug\link.9248-cvtres.write.1.tlog
E:\C++编程\老光棍打强盗\老光棍打强盗\Debug\link.command.1.tlog
E:\C++编程\老光棍打强盗\老光棍打强盗\Debug\link.read.1.tlog
E:\C++编程\老光棍打强盗\老光棍打强盗\Debug\link.write.1.tlog
E:\C++编程\老光棍打强盗\老光棍打强盗\Debug\link-cvtres.read.1.tlog
E:\C++编程\老光棍打强盗\老光棍打强盗\Debug\link-cvtres.write.1.tlog
E:\C++编程\老光棍打强盗\老光棍打强盗\DEBUG\MAIN.OBJ
E:\C++编程\老光棍打强盗\老光棍打强盗\Debug\mt.command.1.tlog
E:\C++编程\老光棍打强盗\老光棍打强盗\Debug\mt.read.1.tlog
E:\C++编程\老光棍打强盗\老光棍打强盗\Debug\mt.write.1.tlog
E:\C++编程\老光棍打强盗\老光棍打强盗\Debug\rc.command.1.tlog
E:\C++编程\老光棍打强盗\老光棍打强盗\Debug\rc.read.1.tlog
E:\C++编程\老光棍打强盗\老光棍打强盗\Debug\rc.write.1.tlog
E:\C++编程\老光棍打强盗\老光棍打强盗\Debug\vc100.idb
E:\C++编程\老光棍打强盗\老光棍打强盗\DEBUG\VC100.PDB
E:\C++编程\老光棍打强盗\老光棍打强盗\DEBUG\老光棍打强盗.EXE.EMBED.MANIFEST
E:\C++编程\老光棍打强盗\老光棍打强盗\DEBUG\老光棍打强盗.EXE.EMBED.MANIFEST.RES
E:\C++编程\老光棍打强盗\老光棍打强盗\DEBUG\老光棍打强盗.EXE.INTERMEDIATE.MANIFEST
E:\C++编程\老光棍打强盗\老光棍打强盗\Debug\老光棍打强盗.vcxprojResolveAssemblyReference.cache
E:\C++编程\老光棍打强盗\老光棍打强盗\Debug\老光棍打强盗.write.1.tlog
E:\C++编程\老光棍打强盗\老光棍打强盗\Debug\老光棍打强盗_manifest.rc
